Invalid port. Exiting...
Invalid port. Exiting...
Invalid port. Exiting...
1649529753145	geckodriver	INFO	Listening on 127.0.0.1:57063
1649529756235	mozrunner::runner	INFO	Running command: "C:\\Program Files\\Mozilla Firefox\\firefox.exe" "--marionette" "-no-remote" "-profile" "C:\\Users\\tom\\AppData\\Local\\Temp\\rust_mozprofileRy0MVL"
1649529757063	Marionette	INFO	Marionette enabled
console.warn: SearchSettings: "get: No settings file exists, new profile?" (new NotFoundError("Could not open the file at C:\\Users\\tom\\AppData\\Local\\Temp\\rust_mozprofileRy0MVL\\search.json.mozlz4", (void 0)))
1649529759675	Marionette	INFO	Listening on port 57071
1649529759949	RemoteAgent	WARN	TLS certificate errors will be ignored for this session
1649529761156	Marionette	WARN	Ignoring event 'pageshow' because document has an invalid readyState of 'uninitialized'.
1649529782273	Marionette	INFO	Stopped listening on port 57071
9529774521	mozrunner::runner	INFO	Running command: "C:\\Program Files\\Mozilla Firefox\\firefox.exe" "--marionette" "-no-remote" "-profile" "C:\\Users\\tom\\AppData\\Local\\Temp\\rust_mozprofilehyWibJ"
1649529774937	Marionette	INFO	Marionette enabled
console.warn: SearchSettings: "get: No settings file exists, new profile?" (new NotFoundError("Could not open the file at C:\\Users\\tom\\AppData\\Local\\Temp\\rust_mozprofilehyWibJ\\search.json.mozlz4", (void 0)))
1649529778368	Marionette	INFO	Listening on port 57158
1649529778738	RemoteAgent	WARN	TLS certificate errors will be ignored for this session
1649529780041	Marionette	WARN	Ignoring event 'pageshow' because document has an invalid readyState of 'uninitialized'.
JavaScript error: resource://gre/actors/AutoplayParent.jsm, line 13: TypeError: browser is null
1649529781613	Marionette	INFO	Stopped listening on port 57158
JavaScript error: resource:///modules/FaviconLoader.jsm, line 598: InvalidStateError: JSWindowActorChild.sendAsyncMessage: JSWindowActorChild cannot send at the moment
JavaScript error: resource:///modules/FaviconLoader.jsm, line 598: InvalidStateError: JSWindowActorChild.sendAsyncMessage: JSWindowActorChild cannot send at the moment
1649529817790	geckodriver	INFO	Listening on 127.0.0.1:57252
1649529820863	mozrunner::runner	INFO	Running command: "C:\\Program Files\\Mozilla Firefox\\firefox.exe" "--marionette" "-no-remote" "-profile" "C:\\Users\\tom\\AppData\\Local\\Temp\\rust_mozprofilec90LDF"
1649529821541	Marionette	INFO	Marionette enabled
console.warn: SearchSettings: "get: No settings file exists, new profile?" (new NotFoundError("Could not open the file at C:\\Users\\tom\\AppData\\Local\\Temp\\rust_mozprofilec90LDF\\search.json.mozlz4", (void 0)))
1649529823911	Marionette	INFO	Listening on port 57260
1649529824105	RemoteAgent	WARN	TLS certificate errors will be ignored for this session
JavaScript warning: https://static.xx.fbcdn.net/rsrc.php/v3i4Jo4/y7/l/fr_FR/tNZbOVEkFcm.js?_nc_x=Ij3Wp8lg5Kz, line 20: WEBGL_debug_renderer_info is deprecated in Firefox and will be removed. Please use RENDERER.
console.warn: LoginRecipes: "getRecipes: falling back to a synchronous message for:" "https://www.facebook.com"
1649529834375	Marionette	INFO	Stopped listening on port 57260
1649529866893	geckodriver	INFO	Listening on 127.0.0.1:57326
1649529870002	mozrunner::runner	INFO	Running command: "C:\\Program Files\\Mozilla Firefox\\firefox.exe" "--marionette" "-no-remote" "-profile" "C:\\Users\\tom\\AppData\\Local\\Temp\\rust_mozprofileRDkZvy"
1649529870444	Marionette	INFO	Marionette enabled
console.warn: SearchSettings: "get: No settings file exists, new profile?" (new NotFoundError("Could not open the file at C:\\Users\\tom\\AppData\\Local\\Temp\\rust_mozprofileRDkZvy\\search.json.mozlz4", (void 0)))
1649529872722	Marionette	INFO	Listening on port 57334
1649529873234	RemoteAgent	WARN	TLS certificate errors will be ignored for this session
JavaScript warning: https://static.xx.fbcdn.net/rsrc.php/v3i4Jo4/y7/l/fr_FR/tNZbOVEkFcm.js?_nc_x=Ij3Wp8lg5Kz, line 20: WEBGL_debug_renderer_info is deprecated in Firefox and will be removed. Please use RENDERER.
console.warn: LoginRecipes: "getRecipes: falling back to a synchronous message for:" "https://www.facebook.com"
1649529875290	Marionette	INFO	Stopped listening on port 57334
1649531788022	geckodriver	INFO	Listening on 127.0.0.1:55680
1649531791142	mozrunner::runner	INFO	Running command: "C:\\Program Files\\Mozilla Firefox\\firefox.exe" "--marionette" "-no-remote" "-profile" "C:\\Users\\tom\\AppData\\Local\\Temp\\rust_mozprofile91spW5"
1649531791652	Marionette	INFO	Marionette enabled
console.warn: SearchSettings: "get: No settings file exists, new profile?" (new NotFoundError("Could not open the file at C:\\Users\\tom\\AppData\\Local\\Temp\\rust_mozprofile91spW5\\search.json.mozlz4", (void 0)))
1649531794004	Marionette	INFO	Listening on port 55688
1649531794366	RemoteAgent	WARN	TLS certificate errors will be ignored for this session
1649531795211	Marionette	WARN	Ignoring event 'pageshow' because document has an invalid readyState of 'uninitialized'.
console.warn: LoginRecipes: "getRecipes: falling back to a synchronous message for:" "https://accounts.google.com"
console.warn: LoginRecipes: "getRecipes: falling back to a synchronous message for:" "https://accounts.google.com"
JavaScript warning: https://accounts.google.com/ServiceLogin?service=youtube&uilel=3&passive=true&continue=https%3A%2F%2Fwww.youtube.com%2Fsignin%3Faction_handle_signin%3Dtrue%26app%3Ddesktop%26hl%3Dfr%26next%3Dhttps%253A%252F%252Fwww.youtube.com%252F&hl=fr&gae=cb-eomn line 1 > eval line 2706 > eval line 1 > eval line 1 > eval, line 1: WEBGL_debug_renderer_info is deprecated in Firefox and will be removed. Please use RENDERER.
1649531815779	Marionette	INFO	Stopped listening on port 55688
1649531908403	geckodriver	INFO	Listening on 127.0.0.1:55792
1649531911507	mozrunner::runner	INFO	Running command: "C:\\Program Files\\Mozilla Firefox\\firefox.exe" "--marionette" "-no-remote" "-profile" "C:\\Users\\tom\\AppData\\Local\\Temp\\rust_mozprofileWQYfi6"
1649531911959	Marionette	INFO	Marionette enabled
console.warn: SearchSettings: "get: No settings file exists, new profile?" (new NotFoundError("Could not open the file at C:\\Users\\tom\\AppData\\Local\\Temp\\rust_mozprofileWQYfi6\\search.json.mozlz4", (void 0)))
1649531914091	Marionette	INFO	Listening on port 55800
1649531914228	RemoteAgent	WARN	TLS certificate errors will be ignored for this session
1649531914927	Marionette	WARN	Ignoring event 'pageshow' because document has an invalid readyState of 'uninitialized'.
1649531949463	Marionette	INFO	Stopped listening on port 55800

###!!! [Parent][PGPUParent] Error: RunMessage(msgname=PGPU::Msg_ShutdownVR) Channel closing: too late to send/recv, messages will be lost

1649532051572	geckodriver	INFO	Listening on 127.0.0.1:56002
1649532054662	mozrunner::runner	INFO	Running command: "C:\\Program Files\\Mozilla Firefox\\firefox.exe" "--marionette" "-no-remote" "-profile" "C:\\Users\\tom\\AppData\\Local\\Temp\\rust_mozprofile2K9J7E"
1649532055097	Marionette	INFO	Marionette enabled
console.warn: SearchSettings: "get: No settings file exists, new profile?" (new NotFoundError("Could not open the file at C:\\Users\\tom\\AppData\\Local\\Temp\\rust_mozprofile2K9J7E\\search.json.mozlz4", (void 0)))
1649532057261	Marionette	INFO	Listening on port 56010
1649532057374	RemoteAgent	WARN	TLS certificate errors will be ignored for this session
1649532058115	Marionette	WARN	Ignoring event 'pageshow' because document has an invalid readyState of 'uninitialized'.
JavaScript error: resource://gre/modules/AsyncShutdown.jsm, line 575: NotFoundError: No such JSWindowActor 'DevToolsFrame'
JavaScript error: resource://gre/modules/AsyncShutdown.jsm, line 575: NotFoundError: No such JSWindowActor 'DevToolsFrame'
1649532252136	Marionette	INFO	Stopped listening on port 56010
ed
console.warn: SearchSettings: "get: No settings file exists, new profile?" (new NotFoundError("Could not open the file at C:\\Users\\tom\\AppData\\Local\\Temp\\rust_mozprofile1IoJpH\\search.json.mozlz4", (void 0)))
1649532191472	Marionette	INFO	Listening on port 56115
1649532191876	RemoteAgent	WARN	TLS certificate errors will be ignored for this session
1649532192671	Marionette	WARN	Ignoring event 'pageshow' because document has an invalid readyState of 'uninitialized'.
1649532195785	Marionette	INFO	Stopped listening on port 56115

###!!! [Parent][PBackgroundParent] Error: RunMessage(msgname=PBackgroundIDBDatabase::Msg_Close) Channel closing: too late to send/recv, messages will be lost


###!!! [Parent][PBackgroundParent] Error: RunMessage(msgname=PBackgroundIDBDatabase::Msg_Close) Channel closing: too late to send/recv, messages will be lost


###!!! [Parent][PBackgroundParent] Error: RunMessage(msgname=PBackgroundIDBDatabase::Msg_Close) Channel closing: too late to send/recv, messages will be lost


###!!! [Parent][PBackgroundParent] Error: RunMessage(msgname=PBackgroundIDBDatabase::Msg_Close) Channel closing: too late to send/recv, messages will be lost


###!!! [Parent][PBackgroundParent] Error: RunMessage(msgname=PBackgroundIDBDatabase::Msg_Close) Channel closing: too late to send/recv, messages will be lost


###!!! [Parent][PGPUParent] Error: RunMessage(msgname=PGPU::Msg_ShutdownVR) Channel closing: too late to send/recv, messages will be lost

1649532304496	geckodriver	INFO	Listening on 127.0.0.1:56224
1649532307603	mozrunner::runner	INFO	Running command: "C:\\Program Files\\Mozilla Firefox\\firefox.exe" "--marionette" "-no-remote" "-profile" "C:\\Users\\tom\\AppData\\Local\\Temp\\rust_mozprofiletvlPoZ"
1649532308064	Marionette	INFO	Marionette enabled
console.warn: SearchSettings: "get: No settings file exists, new profile?" (new NotFoundError("Could not open the file at C:\\Users\\tom\\AppData\\Local\\Temp\\rust_mozprofiletvlPoZ\\search.json.mozlz4", (void 0)))
1649532310416	Marionette	INFO	Listening on port 56234
1649532310821	RemoteAgent	WARN	TLS certificate errors will be ignored for this session
1649532311577	Marionette	WARN	Ignoring event 'pageshow' because document has an invalid readyState of 'uninitialized'.
JavaScript error: , line 0: NotFoundError: No such JSWindowActor 'DevToolsFrame'
JavaScript error: , line 0: NotFoundError: No such JSWindowActor 'DevToolsFrame'
SourceActor threw an exception: [Exception... "Failed to open input source 'chrome://browser/content/certerror/aboutNetErrorCodes.js'"  nsresult: "0x805303f4 (<unknown>)"  location: "JS frame :: resource://devtools/shared/DevToolsUtils.js :: mainThreadFetch/< :: line 670"  data: yes]
Stack: mainThreadFetch/<@resource://devtools/shared/DevToolsUtils.js:670:15
mainThreadFetch@resource://devtools/shared/DevToolsUtils.js:516:10
_fetchURLContents@resource://devtools/server/actors/utils/sources-manager.js:446:22
urlContents@resource://devtools/server/actors/utils/sources-manager.js:410:17
_resurrectSource@resource://devtools/server/actors/thread.js:2118:35
addAllSources@resource://devtools/server/actors/thread.js:1479:14
watch@resource://devtools/server/actors/resources/sources.js:62:17
watchResources@resource://devtools/server/actors/resources/index.js:242:19
_watchTargetResources@resource://devtools/server/actors/targets/target-actor-mixin.js:161:24
addSessionDataEntry@resource://devtools/server/actors/targets/target-actor-mixin.js:53:20
_addSessionDataEntry@resource://devtools/server/connectors/js-window-actor/DevToolsFrameChild.jsm:556:24
receiveMessage@resource://devtools/server/connectors/js-window-actor/DevToolsFrameChild.jsm:465:21
Line: 670, column: 0
console.error: ({})
JavaScript error: resource://devtools/shared/DevToolsUtils.js, line 670: Failed to open input source 'chrome://browser/content/certerror/aboutNetErrorCodes.js'
JavaScript error: resource://gre/modules/AsyncShutdown.jsm, line 575: NotFoundError: No such JSWindowActor 'DevToolsFrame'
JavaScript error: resource://gre/modules/AsyncShutdown.jsm, line 575: NotFoundError: No such JSWindowActor 'DevToolsFrame'
1649532527559	Marionette	INFO	Stopped listening on port 56234
1649532530988	geckodriver	INFO	Listening on 127.0.0.1:56353
1649532534063	mozrunner::runner	INFO	Running command: "C:\\Program Files\\Mozilla Firefox\\firefox.exe" "--marionette" "-no-remote" "-profile" "C:\\Users\\tom\\AppData\\Local\\Temp\\rust_mozprofileJGxTsm"
1649532534449	Marionette	INFO	Marionette enabled
console.warn: SearchSettings: "get: No settings file exists, new profile?" (new NotFoundError("Could not open the file at C:\\Users\\tom\\AppData\\Local\\Temp\\rust_mozprofileJGxTsm\\search.json.mozlz4", (void 0)))
1649532536619	Marionette	INFO	Listening on port 56361
1649532536789	RemoteAgent	WARN	TLS certificate errors will be ignored for this session
1649532537707	Marionette	WARN	Ignoring event 'pageshow' because document has an invalid readyState of 'uninitialized'.
JavaScript error: resource://gre/modules/AsyncShutdown.jsm, line 575: NotFoundError: No such JSWindowActor 'DevToolsFrame'
JavaScript error: resource://gre/modules/AsyncShutdown.jsm, line 575: NotFoundError: No such JSWindowActor 'DevToolsFrame'
1649532730297	Marionette	INFO	Stopped listening on port 56361
ed
console.warn: SearchSettings: "get: No settings file exists, new profile?" (new NotFoundError("Could not open the file at C:\\Users\\tom\\AppData\\Local\\Temp\\rust_mozprofileqbsGfb\\search.json.mozlz4", (void 0)))
1649532649299	Marionette	INFO	Listening on port 56480
1649532649383	RemoteAgent	WARN	TLS certificate errors will be ignored for this session
1649532650026	Marionette	WARN	Ignoring event 'pageshow' because document has an invalid readyState of 'uninitialized'.
1649532667954	Marionette	INFO	Stopped listening on port 56480
9532654444	mozrunner::runner	INFO	Running command: "C:\\Program Files\\Mozilla Firefox\\firefox.exe" "--marionette" "-no-remote" "-profile" "C:\\Users\\tom\\AppData\\Local\\Temp\\rust_mozprofileu8uTLr"
1649532654864	Marionette	INFO	Marionette enabled
console.warn: SearchSettings: "get: No settings file exists, new profile?" (new NotFoundError("Could not open the file at C:\\Users\\tom\\AppData\\Local\\Temp\\rust_mozprofileu8uTLr\\search.json.mozlz4", (void 0)))
1649532657050	Marionette	INFO	Listening on port 56566
1649532657124	RemoteAgent	WARN	TLS certificate errors will be ignored for this session
1649532657881	Marionette	WARN	Ignoring event 'pageshow' because document has an invalid readyState of 'uninitialized'.
1649532660545	Marionette	INFO	Stopped listening on port 56566
[Parent 15928, IPC I/O Parent] WARNING: file /builds/worker/checkouts/gecko/ipc/chromium/src/base/process_util_win.cc:167

###!!! [Parent][PGPUParent] Error: RunMessage(msgname=PGPU::Msg_ShutdownVR) Channel closing: too late to send/recv, messages will be lost

1649532732842	geckodriver	INFO	Listening on 127.0.0.1:56661
1649532735925	mozrunner::runner	INFO	Running command: "C:\\Program Files\\Mozilla Firefox\\firefox.exe" "--marionette" "-no-remote" "-profile" "C:\\Users\\tom\\AppData\\Local\\Temp\\rust_mozprofilebk6m2H"
1649532736408	Marionette	INFO	Marionette enabled
console.warn: SearchSettings: "get: No settings file exists, new profile?" (new NotFoundError("Could not open the file at C:\\Users\\tom\\AppData\\Local\\Temp\\rust_mozprofilebk6m2H\\search.json.mozlz4", (void 0)))
1649532738407	Marionette	INFO	Listening on port 56669
1649532738633	RemoteAgent	WARN	TLS certificate errors will be ignored for this session
1649532739538	Marionette	WARN	Ignoring event 'pageshow' because document has an invalid readyState of 'uninitialized'.
JavaScript error: resource://gre/modules/AsyncShutdown.jsm, line 575: NotFoundError: No such JSWindowActor 'DevToolsFrame'
JavaScript error: resource://gre/modules/AsyncShutdown.jsm, line 575: NotFoundError: No such JSWindowActor 'DevToolsFrame'
JavaScript error: resource://gre/modules/AsyncShutdown.jsm, line 575: NotFoundError: No such JSWindowActor 'DevToolsFrame'
1649532993049	Marionette	INFO	Stopped listening on port 56669
1649533143450	geckodriver	INFO	Listening on 127.0.0.1:56888
1649533146535	mozrunner::runner	INFO	Running command: "C:\\Program Files\\Mozilla Firefox\\firefox.exe" "--marionette" "-no-remote" "-profile" "C:\\Users\\tom\\AppData\\Local\\Temp\\rust_mozprofileyhPT68"
1649533146910	Marionette	INFO	Marionette enabled
console.warn: SearchSettings: "get: No settings file exists, new profile?" (new NotFoundError("Could not open the file at C:\\Users\\tom\\AppData\\Local\\Temp\\rust_mozprofileyhPT68\\search.json.mozlz4", (void 0)))
1649533149068	Marionette	INFO	Listening on port 56897
1649533149237	RemoteAgent	WARN	TLS certificate errors will be ignored for this session
1649533149970	Marionette	WARN	Ignoring event 'pageshow' because document has an invalid readyState of 'uninitialized'.

###!!! [Parent][PBackgroundParent] Error: RunMessage(msgname=PBackgroundIDBDatabase::Msg_Close) Channel closing: too late to send/recv, messages will be lost


###!!! [Parent][PBackgroundParent] Error: RunMessage(msgname=PBackgroundIDBDatabase::Msg_Close) Channel closing: too late to send/recv, messages will be lost


###!!! [Parent][PBackgroundParent] Error: RunMessage(msgname=PBackgroundIDBDatabase::Msg_Close) Channel closing: too late to send/recv, messages will be lost


###!!! [Parent][PBackgroundParent] Error: RunMessage(msgname=PBackgroundIDBDatabase::Msg_Close) Channel closing: too late to send/recv, messages will be lost

1649533159359	Marionette	INFO	Stopped listening on port 56897
1649533364526	geckodriver	INFO	Listening on 127.0.0.1:57417
1649533367595	mozrunner::runner	INFO	Running command: "C:\\Program Files\\Mozilla Firefox\\firefox.exe" "--marionette" "-no-remote" "-profile" "C:\\Users\\tom\\AppData\\Local\\Temp\\rust_mozprofilePTl8qM"
1649533367980	Marionette	INFO	Marionette enabled
console.warn: SearchSettings: "get: No settings file exists, new profile?" (new NotFoundError("Could not open the file at C:\\Users\\tom\\AppData\\Local\\Temp\\rust_mozprofilePTl8qM\\search.json.mozlz4", (void 0)))
1649533370296	Marionette	INFO	Listening on port 57428
1649533370805	RemoteAgent	WARN	TLS certificate errors will be ignored for this session
1649533371697	Marionette	WARN	Ignoring event 'pageshow' because document has an invalid readyState of 'uninitialized'.
1649533404652	Marionette	INFO	Stopped listening on port 57428
1649533569965	geckodriver	INFO	Listening on 127.0.0.1:57554
1649533573047	mozrunner::runner	INFO	Running command: "C:\\Program Files\\Mozilla Firefox\\firefox.exe" "--marionette" "-no-remote" "-profile" "C:\\Users\\tom\\AppData\\Local\\Temp\\rust_mozprofile0vl0s4"
1649533573445	Marionette	INFO	Marionette enabled
console.warn: SearchSettings: "get: No settings file exists, new profile?" (new NotFoundError("Could not open the file at C:\\Users\\tom\\AppData\\Local\\Temp\\rust_mozprofile0vl0s4\\search.json.mozlz4", (void 0)))
1649533575570	Marionette	INFO	Listening on port 57563
1649533575750	RemoteAgent	WARN	TLS certificate errors will be ignored for this session
1649533576513	Marionette	WARN	Ignoring event 'pageshow' because document has an invalid readyState of 'uninitialized'.
SourceActor threw an exception: [Exception... "Failed to open input source 'chrome://browser/content/certerror/aboutNetErrorCodes.js'"  nsresult: "0x805303f4 (<unknown>)"  location: "JS frame :: resource://devtools/shared/DevToolsUtils.js :: mainThreadFetch/< :: line 670"  data: yes]
Stack: mainThreadFetch/<@resource://devtools/shared/DevToolsUtils.js:670:15
mainThreadFetch@resource://devtools/shared/DevToolsUtils.js:516:10
_fetchURLContents@resource://devtools/server/actors/utils/sources-manager.js:446:22
urlContents@resource://devtools/server/actors/utils/sources-manager.js:410:17
_resurrectSource@resource://devtools/server/actors/thread.js:2118:35
addAllSources@resource://devtools/server/actors/thread.js:1479:14
watch@resource://devtools/server/actors/resources/sources.js:62:17
watchResources@resource://devtools/server/actors/resources/index.js:242:19
_watchTargetResources@resource://devtools/server/actors/targets/target-actor-mixin.js:161:24
addSessionDataEntry@resource://devtools/server/actors/targets/target-actor-mixin.js:53:20
_addSessionDataEntry@resource://devtools/server/connectors/js-window-actor/DevToolsFrameChild.jsm:556:24
receiveMessage@resource://devtools/server/connectors/js-window-actor/DevToolsFrameChild.jsm:465:21
Line: 670, column: 0
console.error: ({})
JavaScript error: resource://devtools/shared/DevToolsUtils.js, line 670: Failed to open input source 'chrome://browser/content/certerror/aboutNetErrorCodes.js'
JavaScript error: resource://gre/modules/AsyncShutdown.jsm, line 575: NotFoundError: No such JSWindowActor 'DevToolsFrame'
JavaScript error: resource://gre/modules/AsyncShutdown.jsm, line 575: NotFoundError: No such JSWindowActor 'DevToolsFrame'
1649533655485	Marionette	INFO	Stopped listening on port 57563

###!!! [Parent][PContentParent] Error: Send(msgname=PContent::Msg_DestroyBrowsingContextGroup) Closed channel: cannot send/recv

1649533656338	geckodriver	INFO	Listening on 127.0.0.1:57657
1649533659391	mozrunner::runner	INFO	Running command: "C:\\Program Files\\Mozilla Firefox\\firefox.exe" "--marionette" "-no-remote" "-profile" "C:\\Users\\tom\\AppData\\Local\\Temp\\rust_mozprofileIYT85V"
1649533659852	Marionette	INFO	Marionette enabled
console.warn: SearchSettings: "get: No settings file exists, new profile?" (new NotFoundError("Could not open the file at C:\\Users\\tom\\AppData\\Local\\Temp\\rust_mozprofileIYT85V\\search.json.mozlz4", (void 0)))
1649533661995	Marionette	INFO	Listening on port 57665
1649533662103	RemoteAgent	WARN	TLS certificate errors will be ignored for this session
1649533662737	Marionette	WARN	Ignoring event 'pageshow' because document has an invalid readyState of 'uninitialized'.
1649533665177	Marionette	WARN	Ignoring event 'pageshow' because document has an invalid readyState of 'uninitialized'.
1649533681533	Marionette	INFO	Stopped listening on port 57665
Exiting due to channel error.
1649533698210	geckodriver	INFO	Listening on 127.0.0.1:57753
1649533701270	mozrunner::runner	INFO	Running command: "C:\\Program Files\\Mozilla Firefox\\firefox.exe" "--marionette" "-no-remote" "-profile" "C:\\Users\\tom\\AppData\\Local\\Temp\\rust_mozprofilezRlzeq"
1649533701719	Marionette	INFO	Marionette enabled
console.warn: SearchSettings: "get: No settings file exists, new profile?" (new NotFoundError("Could not open the file at C:\\Users\\tom\\AppData\\Local\\Temp\\rust_mozprofilezRlzeq\\search.json.mozlz4", (void 0)))
1649533703866	Marionette	INFO	Listening on port 57761
1649533704015	RemoteAgent	WARN	TLS certificate errors will be ignored for this session
1649533704739	Marionette	WARN	Ignoring event 'pageshow' because document has an invalid readyState of 'uninitialized'.
1649533707308	Marionette	WARN	Ignoring event 'pageshow' because document has an invalid readyState of 'uninitialized'.
1649533791029	Marionette	INFO	Stopped listening on port 57761

###!!! [Parent][PGPUParent] Error: RunMessage(msgname=PGPU::Msg_ShutdownVR) Channel closing: too late to send/recv, messages will be lost

\\Users\\tom\\AppData\\Local\\Temp\\rust_mozprofileXIya0Y"
1649533754540	Marionette	INFO	Marionette enabled
console.warn: SearchSettings: "get: No settings file exists, new profile?" (new NotFoundError("Could not open the file at C:\\Users\\tom\\AppData\\Local\\Temp\\rust_mozprofileXIya0Y\\search.json.mozlz4", (void 0)))
1649533756680	Marionette	INFO	Listening on port 57862
1649533756876	RemoteAgent	WARN	TLS certificate errors will be ignored for this session
1649533757619	Marionette	WARN	Ignoring event 'pageshow' because document has an invalid readyState of 'uninitialized'.
1649533774685	Marionette	INFO	Stopped listening on port 57862

###!!! [Child][PContentChild] Error: RunMessage(msgname=PContent::Msg_DestroyBrowsingContextGroup) Channel closing: too late to send/recv, messages will be lost

JavaScript error: chrome://remote/content/marionette/cert.js, line 55: NS_ERROR_NOT_AVAILABLE: Component returned failure code: 0x80040111 (NS_ERROR_NOT_AVAILABLE) [nsICertOverrideService.setDisableAllSecurityChecksAndLetAttackersInterceptMyData]
1649533792813	geckodriver	INFO	Listening on 127.0.0.1:57940
1649533795922	mozrunner::runner	INFO	Running command: "C:\\Program Files\\Mozilla Firefox\\firefox.exe" "--marionette" "-no-remote" "-profile" "C:\\Users\\tom\\AppData\\Local\\Temp\\rust_mozprofile4HQJ1U"
1649533796418	Marionette	INFO	Marionette enabled
console.warn: SearchSettings: "get: No settings file exists, new profile?" (new NotFoundError("Could not open the file at C:\\Users\\tom\\AppData\\Local\\Temp\\rust_mozprofile4HQJ1U\\search.json.mozlz4", (void 0)))
1649533798657	Marionette	INFO	Listening on port 57948
1649533799168	RemoteAgent	WARN	TLS certificate errors will be ignored for this session
1649533800124	Marionette	WARN	Ignoring event 'pageshow' because document has an invalid readyState of 'uninitialized'.
1649533805137	Marionette	INFO	Stopped listening on port 57948
Marionette threw an error: TypeError: browsingContext.currentWindowGlobal is null
getMarionetteCommandsActorProxy/get/<@chrome://remote/content/marionette/actors/MarionetteCommandsParent.jsm:332:29


###!!! [Child][PContentChild] Error: RunMessage(msgname=PContent::Msg_DestroyBrowsingContextGroup) Channel closing: too late to send/recv, messages will be lost

JavaScript error: chrome://remote/content/marionette/cert.js, line 55: NS_ERROR_NOT_AVAILABLE: Component returned failure code: 0x80040111 (NS_ERROR_NOT_AVAILABLE) [nsICertOverrideService.setDisableAllSecurityChecksAndLetAttackersInterceptMyData]
1649533816029	geckodriver	INFO	Listening on 127.0.0.1:58026
1649533819112	mozrunner::runner	INFO	Running command: "C:\\Program Files\\Mozilla Firefox\\firefox.exe" "--marionette" "-no-remote" "-profile" "C:\\Users\\tom\\AppData\\Local\\Temp\\rust_mozprofileBRKnq4"
1649533819474	Marionette	INFO	Marionette enabled
console.warn: SearchSettings: "get: No settings file exists, new profile?" (new NotFoundError("Could not open the file at C:\\Users\\tom\\AppData\\Local\\Temp\\rust_mozprofileBRKnq4\\search.json.mozlz4", (void 0)))
1649533821513	Marionette	INFO	Listening on port 58034
1649533821804	RemoteAgent	WARN	TLS certificate errors will be ignored for this session
1649533822656	Marionette	WARN	Ignoring event 'pageshow' because document has an invalid readyState of 'uninitialized'.

###!!! [Parent][PBackgroundParent] Error: RunMessage(msgname=PBackgroundIDBDatabase::Msg_Close) Channel closing: too late to send/recv, messages will be lost


###!!! [Parent][PBackgroundParent] Error: RunMessage(msgname=PBackgroundIDBDatabase::Msg_Close) Channel closing: too late to send/recv, messages will be lost


###!!! [Parent][PBackgroundParent] Error: RunMessage(msgname=PBackgroundIDBDatabase::Msg_Close) Channel closing: too late to send/recv, messages will be lost

1649533852444	Marionette	INFO	Stopped listening on port 58034
[Parent 9584, IPC I/O Parent] WARNING: file /builds/worker/checkouts/gecko/ipc/chromium/src/base/process_util_win.cc:167
1649533858720	geckodriver	INFO	Listening on 127.0.0.1:58115
1649533861782	mozrunner::runner	INFO	Running command: "C:\\Program Files\\Mozilla Firefox\\firefox.exe" "--marionette" "-no-remote" "-profile" "C:\\Users\\tom\\AppData\\Local\\Temp\\rust_mozprofileg0YdED"
1649533862193	Marionette	INFO	Marionette enabled
console.warn: SearchSettings: "get: No settings file exists, new profile?" (new NotFoundError("Could not open the file at C:\\Users\\tom\\AppData\\Local\\Temp\\rust_mozprofileg0YdED\\search.json.mozlz4", (void 0)))
1649533864354	Marionette	INFO	Listening on port 58125
1649533864533	RemoteAgent	WARN	TLS certificate errors will be ignored for this session
1649533865237	Marionette	WARN	Ignoring event 'pageshow' because document has an invalid readyState of 'uninitialized'.
1649533895554	Marionette	INFO	Stopped listening on port 58125

###!!! [Parent][PGPUParent] Error: RunMessage(msgname=PGPU::Msg_ShutdownVR) Channel closing: too late to send/recv, messages will be lost

1649533942475	geckodriver	INFO	Listening on 127.0.0.1:58210
1649533945560	mozrunner::runner	INFO	Running command: "C:\\Program Files\\Mozilla Firefox\\firefox.exe" "--marionette" "-no-remote" "-profile" "C:\\Users\\tom\\AppData\\Local\\Temp\\rust_mozprofileCwaCwL"
1649533945939	Marionette	INFO	Marionette enabled
console.warn: SearchSettings: "get: No settings file exists, new profile?" (new NotFoundError("Could not open the file at C:\\Users\\tom\\AppData\\Local\\Temp\\rust_mozprofileCwaCwL\\search.json.mozlz4", (void 0)))
1649533948118	Marionette	INFO	Listening on port 58218
1649533948267	RemoteAgent	WARN	TLS certificate errors will be ignored for this session
1649533949086	Marionette	WARN	Ignoring event 'pageshow' because document has an invalid readyState of 'uninitialized'.

###!!! [Parent][PBackgroundParent] Error: RunMessage(msgname=PBackgroundIDBDatabase::Msg_Close) Channel closing: too late to send/recv, messages will be lost


###!!! [Parent][PBackgroundParent] Error: RunMessage(msgname=PBackgroundIDBDatabase::Msg_Close) Channel closing: too late to send/recv, messages will be lost


###!!! [Parent][PBackgroundParent] Error: RunMessage(msgname=PBackgroundIDBDatabase::Msg_Close) Channel closing: too late to send/recv, messages will be lost

1649533962318	Marionette	INFO	Stopped listening on port 58218

###!!! [Child][PContentChild] Error: RunMessage(msgname=PContent::Msg_DestroyBrowsingContextGroup) Channel closing: too late to send/recv, messages will be lost

JavaScript error: chrome://remote/content/marionette/cert.js, line 55: NS_ERROR_NOT_AVAILABLE: Component returned failure code: 0x80040111 (NS_ERROR_NOT_AVAILABLE) [nsICertOverrideService.setDisableAllSecurityChecksAndLetAttackersInterceptMyData]
1649533974872	geckodriver	INFO	Listening on 127.0.0.1:58296
1649533977958	mozrunner::runner	INFO	Running command: "C:\\Program Files\\Mozilla Firefox\\firefox.exe" "--marionette" "-no-remote" "-profile" "C:\\Users\\tom\\AppData\\Local\\Temp\\rust_mozprofile5kQ6m3"
1649533978336	Marionette	INFO	Marionette enabled
console.warn: SearchSettings: "get: No settings file exists, new profile?" (new NotFoundError("Could not open the file at C:\\Users\\tom\\AppData\\Local\\Temp\\rust_mozprofile5kQ6m3\\search.json.mozlz4", (void 0)))
1649533980571	Marionette	INFO	Listening on port 58305
1649533980653	RemoteAgent	WARN	TLS certificate errors will be ignored for this session
1649533981326	Marionette	WARN	Ignoring event 'pageshow' because document has an invalid readyState of 'uninitialized'.
1649533996053	Marionette	INFO	Stopped listening on port 58305
Marionette threw an error: TypeError: browsingContext.currentWindowGlobal is null
getMarionetteCommandsActorProxy/get/<@chrome://remote/content/marionette/actors/MarionetteCommandsParent.jsm:332:29

JavaScript error: chrome://remote/content/marionette/cert.js, line 55: NS_ERROR_NOT_AVAILABLE: Component returned failure code: 0x80040111 (NS_ERROR_NOT_AVAILABLE) [nsICertOverrideService.setDisableAllSecurityChecksAndLetAttackersInterceptMyData]
1649534146615	geckodriver	INFO	Listening on 127.0.0.1:58442
1649534149657	mozrunner::runner	INFO	Running command: "C:\\Program Files\\Mozilla Firefox\\firefox.exe" "--marionette" "-no-remote" "-profile" "C:\\Users\\tom\\AppData\\Local\\Temp\\rust_mozprofileBKKwlC"
1649534150046	Marionette	INFO	Marionette enabled
console.warn: SearchSettings: "get: No settings file exists, new profile?" (new NotFoundError("Could not open the file at C:\\Users\\tom\\AppData\\Local\\Temp\\rust_mozprofileBKKwlC\\search.json.mozlz4", (void 0)))
1649534152291	Marionette	INFO	Listening on port 58451
1649534152380	RemoteAgent	WARN	TLS certificate errors will be ignored for this session
1649534153049	Marionette	WARN	Ignoring event 'pageshow' because document has an invalid readyState of 'uninitialized'.
JavaScript error: resource://gre/modules/AsyncShutdown.jsm, line 575: NotFoundError: No such JSWindowActor 'DevToolsFrame'
JavaScript error: resource://gre/modules/AsyncShutdown.jsm, line 575: NotFoundError: No such JSWindowActor 'DevToolsFrame'
1649534590654	Marionette	INFO	Stopped listening on port 58451

###!!! [Child][PContentChild] Error: RunMessage(msgname=PContent::Msg_DestroyBrowsingContextGroup) Channel closing: too late to send/recv, messages will be lost

st_mozprofileIu7WIG\\search.json.mozlz4", (void 0)))
1649534242909	Marionette	INFO	Listening on port 58551
1649534243222	RemoteAgent	WARN	TLS certificate errors will be ignored for this session
1649534244036	Marionette	WARN	Ignoring event 'pageshow' because document has an invalid readyState of 'uninitialized'.
1649534255698	Marionette	INFO	Stopped listening on port 58551
1649534342622	geckodriver	INFO	Listening on 127.0.0.1:58645
1649534345683	mozrunner::runner	INFO	Running command: "C:\\Program Files\\Mozilla Firefox\\firefox.exe" "--marionette" "-no-remote" "-profile" "C:\\Users\\tom\\AppData\\Local\\Temp\\rust_mozprofileNoZxJE"
1649534346150	Marionette	INFO	Marionette enabled
console.warn: SearchSettings: "get: No settings file exists, new profile?" (new NotFoundError("Could not open the file at C:\\Users\\tom\\AppData\\Local\\Temp\\rust_mozprofileNoZxJE\\search.json.mozlz4", (void 0)))
1649534348207	Marionette	INFO	Listening on port 58654
1649534348405	RemoteAgent	WARN	TLS certificate errors will be ignored for this session
1649534359468	Marionette	INFO	Stopped listening on port 58654
1649534562813	geckodriver	INFO	Listening on 127.0.0.1:58845
1649534565902	mozrunner::runner	INFO	Running command: "C:\\Program Files\\Mozilla Firefox\\firefox.exe" "--marionette" "-no-remote" "-profile" "C:\\Users\\tom\\AppData\\Local\\Temp\\rust_mozprofilee9MUQD"
1649534566304	Marionette	INFO	Marionette enabled
console.warn: SearchSettings: "get: No settings file exists, new profile?" (new NotFoundError("Could not open the file at C:\\Users\\tom\\AppData\\Local\\Temp\\rust_mozprofilee9MUQD\\search.json.mozlz4", (void 0)))
1649534568462	Marionette	INFO	Listening on port 58853
1649534568604	RemoteAgent	WARN	TLS certificate errors will be ignored for this session
1649534569341	Marionette	WARN	Ignoring event 'pageshow' because document has an invalid readyState of 'uninitialized'.
1649534581183	Marionette	INFO	Stopped listening on port 58853
1649536639298	geckodriver	INFO	Listening on 127.0.0.1:60434
1649536642392	mozrunner::runner	INFO	Running command: "C:\\Program Files\\Mozilla Firefox\\firefox.exe" "--marionette" "-no-remote" "-profile" "C:\\Users\\tom\\AppData\\Local\\Temp\\rust_mozprofileuIYGaD"
1649536642800	Marionette	INFO	Marionette enabled
console.warn: SearchSettings: "get: No settings file exists, new profile?" (new NotFoundError("Could not open the file at C:\\Users\\tom\\AppData\\Local\\Temp\\rust_mozprofileuIYGaD\\search.json.mozlz4", (void 0)))
1649536645234	Marionette	INFO	Listening on port 60442
1649536645604	RemoteAgent	WARN	TLS certificate errors will be ignored for this session
1649536651822	Marionette	INFO	Stopped listening on port 60442
1649536689691	geckodriver	INFO	Listening on 127.0.0.1:60505
1649536692769	mozrunner::runner	INFO	Running command: "C:\\Program Files\\Mozilla Firefox\\firefox.exe" "--marionette" "-no-remote" "-profile" "C:\\Users\\tom\\AppData\\Local\\Temp\\rust_mozprofileCzTENh"
1649536693188	Marionette	INFO	Marionette enabled
console.warn: SearchSettings: "get: No settings file exists, new profile?" (new NotFoundError("Could not open the file at C:\\Users\\tom\\AppData\\Local\\Temp\\rust_mozprofileCzTENh\\search.json.mozlz4", (void 0)))
1649536695149	Marionette	INFO	Listening on port 60515
1649536695485	RemoteAgent	WARN	TLS certificate errors will be ignored for this session
1649536696358	Marionette	WARN	Ignoring event 'pageshow' because document has an invalid readyState of 'uninitialized'.
1649536727343	Marionette	INFO	Stopped listening on port 60515
1649536736682	geckodriver	INFO	Listening on 127.0.0.1:60592
1649536739759	mozrunner::runner	INFO	Running command: "C:\\Program Files\\Mozilla Firefox\\firefox.exe" "--marionette" "-no-remote" "-profile" "C:\\Users\\tom\\AppData\\Local\\Temp\\rust_mozprofileZIg9gs"
1649536740213	Marionette	INFO	Marionette enabled
console.warn: SearchSettings: "get: No settings file exists, new profile?" (new NotFoundError("Could not open the file at C:\\Users\\tom\\AppData\\Local\\Temp\\rust_mozprofileZIg9gs\\search.json.mozlz4", (void 0)))
1649536742239	Marionette	INFO	Listening on port 60600
1649536742468	RemoteAgent	WARN	TLS certificate errors will be ignored for this session
1649536743180	Marionette	WARN	Ignoring event 'pageshow' because document has an invalid readyState of 'uninitialized'.
SourceActor threw an exception: [Exception... "Failed to open input source 'chrome://browser/content/certerror/aboutNetErrorCodes.js'"  nsresult: "0x805303f4 (<unknown>)"  location: "JS frame :: resource://devtools/shared/DevToolsUtils.js :: mainThreadFetch/< :: line 670"  data: yes]
Stack: mainThreadFetch/<@resource://devtools/shared/DevToolsUtils.js:670:15
mainThreadFetch@resource://devtools/shared/DevToolsUtils.js:516:10
_fetchURLContents@resource://devtools/server/actors/utils/sources-manager.js:446:22
urlContents@resource://devtools/server/actors/utils/sources-manager.js:410:17
_resurrectSource@resource://devtools/server/actors/thread.js:2118:35
addAllSources@resource://devtools/server/actors/thread.js:1479:14
watch@resource://devtools/server/actors/resources/sources.js:62:17
watchResources@resource://devtools/server/actors/resources/index.js:242:19
_watchTargetResources@resource://devtools/server/actors/targets/target-actor-mixin.js:161:24
addSessionDataEntry@resource://devtools/server/actors/targets/target-actor-mixin.js:53:20
_addSessionDataEntry@resource://devtools/server/connectors/js-window-actor/DevToolsFrameChild.jsm:556:24
receiveMessage@resource://devtools/server/connectors/js-window-actor/DevToolsFrameChild.jsm:465:21
Line: 670, column: 0
console.error: ({})
JavaScript error: resource://devtools/shared/DevToolsUtils.js, line 670: Failed to open input source 'chrome://browser/content/certerror/aboutNetErrorCodes.js'
JavaScript error: resource://gre/modules/AsyncShutdown.jsm, line 575: NotFoundError: No such JSWindowActor 'DevToolsFrame'
JavaScript error: resource://gre/modules/AsyncShutdown.jsm, line 575: NotFoundError: No such JSWindowActor 'DevToolsFrame'
1649536814957	Marionette	INFO	Stopped listening on port 60600

###!!! [Parent][PGPUParent] Error: RunMessage(msgname=PGPU::Msg_ShutdownVR) Channel closing: too late to send/recv, messages will be lost

1649536817396	geckodriver	INFO	Listening on 127.0.0.1:60688
1649536820484	mozrunner::runner	INFO	Running command: "C:\\Program Files\\Mozilla Firefox\\firefox.exe" "--marionette" "-no-remote" "-profile" "C:\\Users\\tom\\AppData\\Local\\Temp\\rust_mozprofileyABXJY"
1649536820852	Marionette	INFO	Marionette enabled
console.warn: SearchSettings: "get: No settings file exists, new profile?" (new NotFoundError("Could not open the file at C:\\Users\\tom\\AppData\\Local\\Temp\\rust_mozprofileyABXJY\\search.json.mozlz4", (void 0)))
1649536822891	Marionette	INFO	Listening on port 60696
1649536823160	RemoteAgent	WARN	TLS certificate errors will be ignored for this session
1649536823907	Marionette	WARN	Ignoring event 'pageshow' because document has an invalid readyState of 'uninitialized'.

###!!! [Parent][PBackgroundParent] Error: RunMessage(msgname=PBackgroundIDBDatabase::Msg_Close) Channel closing: too late to send/recv, messages will be lost

1649536860989	Marionette	INFO	Stopped listening on port 60696
[Parent 18768, IPC I/O Parent] WARNING: file /builds/worker/checkouts/gecko/ipc/chromium/src/base/process_util_win.cc:167
1649536907367	geckodriver	INFO	Listening on 127.0.0.1:60782
1649536910450	mozrunner::runner	INFO	Running command: "C:\\Program Files\\Mozilla Firefox\\firefox.exe" "--marionette" "-no-remote" "-profile" "C:\\Users\\tom\\AppData\\Local\\Temp\\rust_mozprofileRePAVP"
1649536910813	Marionette	INFO	Marionette enabled
console.warn: SearchSettings: "get: No settings file exists, new profile?" (new NotFoundError("Could not open the file at C:\\Users\\tom\\AppData\\Local\\Temp\\rust_mozprofileRePAVP\\search.json.mozlz4", (void 0)))
1649536912742	Marionette	INFO	Listening on port 60790
1649536913156	RemoteAgent	WARN	TLS certificate errors will be ignored for this session
1649536914012	Marionette	WARN	Ignoring event 'pageshow' because document has an invalid readyState of 'uninitialized'.
1649536997848	Marionette	INFO	Stopped listening on port 60790

###!!! [Child][PContentChild] Error: RunMessage(msgname=PContent::Msg_DestroyBrowsingContextGroup) Channel closing: too late to send/recv, messages will be lost


###!!! [Parent][PGPUParent] Error: RunMessage(msgname=PGPU::Msg_ShutdownVR) Channel closing: too late to send/recv, messages will be lost

1649537395151	geckodriver	INFO	Listening on 127.0.0.1:59697
1649537398225	mozrunner::runner	INFO	Running command: "C:\\Program Files\\Mozilla Firefox\\firefox.exe" "--marionette" "-no-remote" "-profile" "C:\\Users\\tom\\AppData\\Local\\Temp\\rust_mozprofile3qKtoU"
1649537398613	Marionette	INFO	Marionette enabled
console.warn: SearchSettings: "get: No settings file exists, new profile?" (new NotFoundError("Could not open the file at C:\\Users\\tom\\AppData\\Local\\Temp\\rust_mozprofile3qKtoU\\search.json.mozlz4", (void 0)))
1649537400774	Marionette	INFO	Listening on port 59705
1649537400932	RemoteAgent	WARN	TLS certificate errors will be ignored for this session
1649537401669	Marionette	WARN	Ignoring event 'pageshow' because document has an invalid readyState of 'uninitialized'.
console.warn: LoginRecipes: "getRecipes: falling back to a synchronous message for:" "https://getpocket.com"
console.warn: LoginRecipes: "getRecipes: falling back to a synchronous message for:" "https://accounts.google.com"
console.warn: LoginRecipes: "getRecipes: falling back to a synchronous message for:" "https://accounts.google.com"
JavaScript warning: https://accounts.google.com/o/oauth2/auth?client_id=173409440056-oek12ddu7d36lbnpquv9dr8rs6ijcer0.apps.googleusercontent.com&scope=email+profile+openid&response_type=token+id_token&include_granted_scopes=true&ss_domain=https%3A%2F%2Fgetpocket.com&redirect_uri=https%3A%2F%2Fgetpocket.com%2Fgoogle_auth&fetch_basic_profile=true&gsiwebsdk=2&flowName=GeneralOAuthFlow&prompt=select_account&openid.realm line 1 > eval line 5132 > eval line 1 > eval line 1 > eval, line 1: WEBGL_debug_renderer_info is deprecated in Firefox and will be removed. Please use RENDERER.
console.warn: LoginRecipes: "getRecipes: falling back to a synchronous message for:" "https://accounts.google.com"
JavaScript warning: https://accounts.google.com/o/oauth2/auth?client_id=173409440056-oek12ddu7d36lbnpquv9dr8rs6ijcer0.apps.googleusercontent.com&scope=email+profile+openid&response_type=token+id_token&include_granted_scopes=true&ss_domain=https%3A%2F%2Fgetpocket.com&redirect_uri=https%3A%2F%2Fgetpocket.com%2Fgoogle_auth&fetch_basic_profile=true&gsiwebsdk=2&flowName=GeneralOAuthFlow&prompt=select_account&openid.realm line 1 > eval line 7527 > eval line 1 > eval line 1 > eval, line 1: WEBGL_debug_renderer_info is deprecated in Firefox and will be removed. Please use RENDERER.
console.warn: LoginRecipes: "getRecipes: falling back to a synchronous message for:" "https://accounts.google.com"
console.warn: LoginRecipes: "getRecipes: falling back to a synchronous message for:" "https://accounts.google.com"
JavaScript warning: https://accounts.google.com/o/oauth2/auth?client_id=173409440056-oek12ddu7d36lbnpquv9dr8rs6ijcer0.apps.googleusercontent.com&scope=email+profile+openid&response_type=token+id_token&include_granted_scopes=true&ss_domain=https%3A%2F%2Fgetpocket.com&redirect_uri=https%3A%2F%2Fgetpocket.com%2Fgoogle_auth&fetch_basic_profile=true&gsiwebsdk=2&flowName=GeneralOAuthFlow&prompt=select_account&openid.realm line 1 > eval line 5278 > eval line 1 > eval line 1 > eval, line 1: WEBGL_debug_renderer_info is deprecated in Firefox and will be removed. Please use RENDERER.
console.warn: LoginRecipes: "getRecipes: falling back to a synchronous message for:" "https://consent.google.com"
console.warn: LoginRecipes: "getRecipes: falling back to a synchronous message for:" "https://accounts.google.com"
console.warn: LoginRecipes: "getRecipes: falling back to a synchronous message for:" "https://accounts.google.com"
JavaScript warning: https://accounts.google.com/ServiceLogin?hl=fr&continue=https://www.google.com/search?client%3Dfirefox-b-d%26q%3Dbloquer%2Bles%2Bpop%2Bpup%2B&gae=cb-none line 1 > eval line 3928 > eval line 1 > eval line 1 > eval, line 1: WEBGL_debug_renderer_info is deprecated in Firefox and will be removed. Please use RENDERER.
console.warn: LoginRecipes: "getRecipes: falling back to a synchronous message for:" "https://accounts.google.com"
JavaScript warning: https://accounts.google.com/ServiceLogin?hl=fr&continue=https://www.google.com/search?client%3Dfirefox-b-d%26q%3Dbloquer%2Bles%2Bpop%2Bpup%2B&gae=cb-none line 1 > eval line 1238 > eval line 1 > eval line 1 > eval, line 1: WEBGL_debug_renderer_info is deprecated in Firefox and will be removed. Please use RENDERER.
console.warn: LoginRecipes: "getRecipes: falling back to a synchronous message for:" "https://accounts.google.com"
console.warn: LoginRecipes: "getRecipes: falling back to a synchronous message for:" "https://accounts.google.com"
JavaScript warning: https://accounts.google.com/ServiceLogin?hl=fr&continue=https%3A%2F%2Fwww.google.com%2Fsearch%3Fclient%3Dfirefox-b-d%26q%3Dbloquer%2Bles%2Bpop%2Bpup%2B&gae=cb-none&flowName=GlifWebSignIn&flowEntry=ServiceLogin line 1 > eval line 2950 > eval line 1 > eval line 1 > eval, line 1: WEBGL_debug_renderer_info is deprecated in Firefox and will be removed. Please use RENDERER.
[Child 16864, MediaDecoderStateMachine #1] WARNING: 1b9f95c9660 Could not set cubeb stream name.: file /builds/worker/checkouts/gecko/dom/media/AudioStream.cpp:330
1649537534402	Marionette	INFO	Stopped listening on port 59705
1649537672516	geckodriver	INFO	Listening on 127.0.0.1:59906
1649537675549	mozrunner::runner	INFO	Running command: "C:\\Program Files\\Mozilla Firefox\\firefox.exe" "--marionette" "-no-remote" "-profile" "C:\\Users\\tom\\AppData\\Local\\Temp\\rust_mozprofilereL5DI"
1649537676018	Marionette	INFO	Marionette enabled
console.warn: SearchSettings: "get: No settings file exists, new profile?" (new NotFoundError("Could not open the file at C:\\Users\\tom\\AppData\\Local\\Temp\\rust_mozprofilereL5DI\\search.json.mozlz4", (void 0)))
1649537678143	Marionette	INFO	Listening on port 59914
1649537678278	RemoteAgent	WARN	TLS certificate errors will be ignored for this session
1649537678958	Marionette	WARN	Ignoring event 'pageshow' because document has an invalid readyState of 'uninitialized'.
console.warn: LoginRecipes: "getRecipes: falling back to a synchronous message for:" "https://www.youtube.com"
console.warn: LoginRecipes: "getRecipes: falling back to a synchronous message for:" "https://www.youtube.com"
SourceActor threw an exception: [Exception... "Failed to open input source 'chrome://browser/content/certerror/aboutNetErrorCodes.js'"  nsresult: "0x805303f4 (<unknown>)"  location: "JS frame :: resource://devtools/shared/DevToolsUtils.js :: mainThreadFetch/< :: line 670"  data: yes]
Stack: mainThreadFetch/<@resource://devtools/shared/DevToolsUtils.js:670:15
mainThreadFetch@resource://devtools/shared/DevToolsUtils.js:516:10
_fetchURLContents@resource://devtools/server/actors/utils/sources-manager.js:446:22
urlContents@resource://devtools/server/actors/utils/sources-manager.js:410:17
_resurrectSource@resource://devtools/server/actors/thread.js:2118:35
addAllSources@resource://devtools/server/actors/thread.js:1479:14
watch@resource://devtools/server/actors/resources/sources.js:62:17
watchResources@resource://devtools/server/actors/resources/index.js:242:19
_watchTargetResources@resource://devtools/server/actors/targets/target-actor-mixin.js:161:24
addSessionDataEntry@resource://devtools/server/actors/targets/target-actor-mixin.js:53:20
_addSessionDataEntry@resource://devtools/server/connectors/js-window-actor/DevToolsFrameChild.jsm:556:24
receiveMessage@resource://devtools/server/connectors/js-window-actor/DevToolsFrameChild.jsm:465:21
Line: 670, column: 0
console.error: ({})
JavaScript error: resource://devtools/shared/DevToolsUtils.js, line 670: Failed to open input source 'chrome://browser/content/certerror/aboutNetErrorCodes.js'
JavaScript error: resource://gre/modules/AsyncShutdown.jsm, line 575: NotFoundError: No such JSWindowActor 'DevToolsFrame'
JavaScript error: resource://gre/modules/AsyncShutdown.jsm, line 575: NotFoundError: No such JSWindowActor 'DevToolsFrame'
JavaScript error: resource://gre/modules/AsyncShutdown.jsm, line 575: NotFoundError: No such JSWindowActor 'DevToolsFrame'
1649537726777	Marionette	INFO	Stopped listening on port 59914
JavaScript error: resource://autofill/FormAutofillChild.jsm, line 108: InvalidStateError: JSWindowActorChild.sendAsyncMessage: JSWindowActorChild cannot send at the moment

###!!! [Parent][PContentParent] Error: Send(msgname=PContent::Msg_DestroyBrowsingContextGroup) Closed channel: cannot send/recv

1649537727682	geckodriver	INFO	Listening on 127.0.0.1:60003
1649537730742	mozrunner::runner	INFO	Running command: "C:\\Program Files\\Mozilla Firefox\\firefox.exe" "--marionette" "-no-remote" "-profile" "C:\\Users\\tom\\AppData\\Local\\Temp\\rust_mozprofileSLHDLc"
1649537731115	Marionette	INFO	Marionette enabled
console.warn: SearchSettings: "get: No settings file exists, new profile?" (new NotFoundError("Could not open the file at C:\\Users\\tom\\AppData\\Local\\Temp\\rust_mozprofileSLHDLc\\search.json.mozlz4", (void 0)))
1649537733341	Marionette	INFO	Listening on port 60011
1649537733465	RemoteAgent	WARN	TLS certificate errors will be ignored for this session
1649537734132	Marionette	WARN	Ignoring event 'pageshow' because document has an invalid readyState of 'uninitialized'.
1649537749414	Marionette	INFO	Stopped listening on port 60011

###!!! [Parent][PGPUParent] Error: RunMessage(msgname=PGPU::Msg_ShutdownVR) Channel closing: too late to send/recv, messages will be lost

1649537798943	geckodriver	INFO	Listening on 127.0.0.1:60104
1649537801993	mozrunner::runner	INFO	Running command: "C:\\Program Files\\Mozilla Firefox\\firefox.exe" "--marionette" "-no-remote" "-profile" "C:\\Users\\tom\\AppData\\Local\\Temp\\rust_mozprofileUK4KTx"
1649537802382	Marionette	INFO	Marionette enabled
console.warn: SearchSettings: "get: No settings file exists, new profile?" (new NotFoundError("Could not open the file at C:\\Users\\tom\\AppData\\Local\\Temp\\rust_mozprofileUK4KTx\\search.json.mozlz4", (void 0)))
1649537804469	Marionette	INFO	Listening on port 60112
1649537804705	RemoteAgent	WARN	TLS certificate errors will be ignored for this session
1649537805420	Marionette	WARN	Ignoring event 'pageshow' because document has an invalid readyState of 'uninitialized'.
1649538052167	Marionette	INFO	Stopped listening on port 60112

###!!! [Parent][PGPUParent] Error: RunMessage(msgname=PGPU::Msg_ShutdownVR) Channel closing: too late to send/recv, messages will be lost

\\Users\\tom\\AppData\\Local\\Temp\\rust_mozprofileYdh2J7"
1649537944144	Marionette	INFO	Marionette enabled
console.warn: SearchSettings: "get: No settings file exists, new profile?" (new NotFoundError("Could not open the file at C:\\Users\\tom\\AppData\\Local\\Temp\\rust_mozprofileYdh2J7\\search.json.mozlz4", (void 0)))
1649537946713	Marionette	INFO	Listening on port 60236
1649537946947	RemoteAgent	WARN	TLS certificate errors will be ignored for this session
1649537947721	Marionette	WARN	Ignoring event 'pageshow' because document has an invalid readyState of 'uninitialized'.
[Child 3260, MediaDecoderStateMachine #1] WARNING: 2575e477e40 Could not set cubeb stream name.: file /builds/worker/checkouts/gecko/dom/media/AudioStream.cpp:330
1649537959316	Marionette	INFO	Stopped listening on port 60236

###!!! [Parent][PGPUParent] Error: RunMessage(msgname=PGPU::Msg_ShutdownVR) Channel closing: too late to send/recv, messages will be lost

1649537965105	geckodriver	INFO	Listening on 127.0.0.1:60327
1649537968182	mozrunner::runner	INFO	Running command: "C:\\Program Files\\Mozilla Firefox\\firefox.exe" "--marionette" "-no-remote" "-profile" "C:\\Users\\tom\\AppData\\Local\\Temp\\rust_mozprofile3t71dO"
1649537968734	Marionette	INFO	Marionette enabled
console.warn: SearchSettings: "get: No settings file exists, new profile?" (new NotFoundError("Could not open the file at C:\\Users\\tom\\AppData\\Local\\Temp\\rust_mozprofile3t71dO\\search.json.mozlz4", (void 0)))
1649537971322	Marionette	INFO	Listening on port 60335
1649537971420	RemoteAgent	WARN	TLS certificate errors will be ignored for this session
1649537972190	Marionette	WARN	Ignoring event 'pageshow' because document has an invalid readyState of 'uninitialized'.
SourceActor threw an exception: [Exception... "Failed to open input source 'chrome://browser/content/certerror/aboutNetErrorCodes.js'"  nsresult: "0x805303f4 (<unknown>)"  location: "JS frame :: resource://devtools/shared/DevToolsUtils.js :: mainThreadFetch/< :: line 670"  data: yes]
Stack: mainThreadFetch/<@resource://devtools/shared/DevToolsUtils.js:670:15
mainThreadFetch@resource://devtools/shared/DevToolsUtils.js:516:10
_fetchURLContents@resource://devtools/server/actors/utils/sources-manager.js:446:22
urlContents@resource://devtools/server/actors/utils/sources-manager.js:410:17
_resurrectSource@resource://devtools/server/actors/thread.js:2118:35
addAllSources@resource://devtools/server/actors/thread.js:1479:14
watch@resource://devtools/server/actors/resources/sources.js:62:17
watchResources@resource://devtools/server/actors/resources/index.js:242:19
_watchTargetResources@resource://devtools/server/actors/targets/target-actor-mixin.js:161:24
addSessionDataEntry@resource://devtools/server/actors/targets/target-actor-mixin.js:53:20
_addSessionDataEntry@resource://devtools/server/connectors/js-window-actor/DevToolsFrameChild.jsm:556:24
receiveMessage@resource://devtools/server/connectors/js-window-actor/DevToolsFrameChild.jsm:465:21
Line: 670, column: 0
console.error: ({})
JavaScript error: resource://devtools/shared/DevToolsUtils.js, line 670: Failed to open input source 'chrome://browser/content/certerror/aboutNetErrorCodes.js'
JavaScript error: resource://gre/modules/AsyncShutdown.jsm, line 575: NotFoundError: No such JSWindowActor 'DevToolsFrame'
JavaScript error: resource://gre/modules/AsyncShutdown.jsm, line 575: NotFoundError: No such JSWindowActor 'DevToolsFrame'
JavaScript error: resource://gre/modules/AsyncShutdown.jsm, line 575: NotFoundError: No such JSWindowActor 'DevToolsFrame'
1649538009065	Marionette	INFO	Stopped listening on port 60335

###!!! [Parent][PGPUParent] Error: RunMessage(msgname=PGPU::Msg_ShutdownVR) Channel closing: too late to send/recv, messages will be lost

1649538011906	geckodriver	INFO	Listening on 127.0.0.1:60421
1649538014998	mozrunner::runner	INFO	Running command: "C:\\Program Files\\Mozilla Firefox\\firefox.exe" "--marionette" "-no-remote" "-profile" "C:\\Users\\tom\\AppData\\Local\\Temp\\rust_mozprofile6Z40LP"
1649538015369	Marionette	INFO	Marionette enabled
console.warn: SearchSettings: "get: No settings file exists, new profile?" (new NotFoundError("Could not open the file at C:\\Users\\tom\\AppData\\Local\\Temp\\rust_mozprofile6Z40LP\\search.json.mozlz4", (void 0)))
1649538017520	Marionette	INFO	Listening on port 60432
1649538017699	RemoteAgent	WARN	TLS certificate errors will be ignored for this session
1649538018420	Marionette	WARN	Ignoring event 'pageshow' because document has an invalid readyState of 'uninitialized'.
1649538048837	Marionette	INFO	Stopped listening on port 60432
[Parent 9516, IPC I/O Parent] WARNING: pipe error: 232: file /builds/worker/checkouts/gecko/ipc/chromium/src/chrome/common/ipc_channel_win.cc:556
1649538054551	geckodriver	INFO	Listening on 127.0.0.1:60513
1649538057648	mozrunner::runner	INFO	Running command: "C:\\Program Files\\Mozilla Firefox\\firefox.exe" "--marionette" "-no-remote" "-profile" "C:\\Users\\tom\\AppData\\Local\\Temp\\rust_mozprofileOXEFk9"
1649538058023	Marionette	INFO	Marionette enabled
console.warn: SearchSettings: "get: No settings file exists, new profile?" (new NotFoundError("Could not open the file at C:\\Users\\tom\\AppData\\Local\\Temp\\rust_mozprofileOXEFk9\\search.json.mozlz4", (void 0)))
1649538060021	Marionette	INFO	Listening on port 60521
1649538060328	RemoteAgent	WARN	TLS certificate errors will be ignored for this session
1649538061036	Marionette	WARN	Ignoring event 'pageshow' because document has an invalid readyState of 'uninitialized'.

###!!! [Parent][PBackgroundParent] Error: RunMessage(msgname=PBackgroundIDBDatabase::Msg_Close) Channel closing: too late to send/recv, messages will be lost


###!!! [Parent][PBackgroundParent] Error: RunMessage(msgname=PBackgroundIDBDatabase::Msg_Close) Channel closing: too late to send/recv, messages will be lost


###!!! [Parent][PBackgroundParent] Error: RunMessage(msgname=PBackgroundIDBDatabase::Msg_Close) Channel closing: too late to send/recv, messages will be lost

1649538081167	Marionette	INFO	Stopped listening on port 60521
1649538145556	geckodriver	INFO	Listening on 127.0.0.1:60619
1649538148609	mozrunner::runner	INFO	Running command: "C:\\Program Files\\Mozilla Firefox\\firefox.exe" "--marionette" "-no-remote" "-profile" "C:\\Users\\tom\\AppData\\Local\\Temp\\rust_mozprofileGkKEYX"
1649538149135	Marionette	INFO	Marionette enabled
console.warn: SearchSettings: "get: No settings file exists, new profile?" (new NotFoundError("Could not open the file at C:\\Users\\tom\\AppData\\Local\\Temp\\rust_mozprofileGkKEYX\\search.json.mozlz4", (void 0)))
1649538151269	Marionette	INFO	Listening on port 60628
1649538151329	RemoteAgent	WARN	TLS certificate errors will be ignored for this session
1649538152112	Marionette	WARN	Ignoring event 'pageshow' because document has an invalid readyState of 'uninitialized'.

###!!! [Parent][PBackgroundParent] Error: RunMessage(msgname=PBackgroundIDBDatabase::Msg_Close) Channel closing: too late to send/recv, messages will be lost

1649538535972	Marionette	INFO	Stopped listening on port 60628
9538404531	mozrunner::runner	INFO	Running command: "C:\\Program Files\\Mozilla Firefox\\firefox.exe" "--marionette" "-no-remote" "-profile" "C:\\Users\\tom\\AppData\\Local\\Temp\\rust_mozprofile3YKiMy"
1649538404928	Marionette	INFO	Marionette enabled
console.warn: SearchSettings: "get: No settings file exists, new profile?" (new NotFoundError("Could not open the file at C:\\Users\\tom\\AppData\\Local\\Temp\\rust_mozprofile3YKiMy\\search.json.mozlz4", (void 0)))
1649538406934	Marionette	INFO	Listening on port 60780
1649538407247	RemoteAgent	WARN	TLS certificate errors will be ignored for this session
1649538407930	Marionette	WARN	Ignoring event 'pageshow' because document has an invalid readyState of 'uninitialized'.
1649538419888	Marionette	INFO	Stopped listening on port 60780
1649538429291	geckodriver	INFO	Listening on 127.0.0.1:60858
1649538432385	mozrunner::runner	INFO	Running command: "C:\\Program Files\\Mozilla Firefox\\firefox.exe" "--marionette" "-no-remote" "-profile" "C:\\Users\\tom\\AppData\\Local\\Temp\\rust_mozprofile16lMnZ"
1649538432736	Marionette	INFO	Marionette enabled
console.warn: SearchSettings: "get: No settings file exists, new profile?" (new NotFoundError("Could not open the file at C:\\Users\\tom\\AppData\\Local\\Temp\\rust_mozprofile16lMnZ\\search.json.mozlz4", (void 0)))
1649538434874	Marionette	INFO	Listening on port 60866
1649538435073	RemoteAgent	WARN	TLS certificate errors will be ignored for this session
1649538436578	Marionette	WARN	Ignoring event 'pageshow' because document has an invalid readyState of 'uninitialized'.

###!!! [Parent][PBackgroundParent] Error: RunMessage(msgname=PBackgroundIDBDatabase::Msg_Close) Channel closing: too late to send/recv, messages will be lost


###!!! [Parent][PBackgroundParent] Error: RunMessage(msgname=PBackgroundIDBDatabase::Msg_Close) Channel closing: too late to send/recv, messages will be lost

1649538455463	Marionette	INFO	Stopped listening on port 60866
1649538490381	geckodriver	INFO	Listening on 127.0.0.1:60943
1649538493448	mozrunner::runner	INFO	Running command: "C:\\Program Files\\Mozilla Firefox\\firefox.exe" "--marionette" "-no-remote" "-profile" "C:\\Users\\tom\\AppData\\Local\\Temp\\rust_mozprofileepR1Eq"
1649538493854	Marionette	INFO	Marionette enabled
console.warn: SearchSettings: "get: No settings file exists, new profile?" (new NotFoundError("Could not open the file at C:\\Users\\tom\\AppData\\Local\\Temp\\rust_mozprofileepR1Eq\\search.json.mozlz4", (void 0)))
1649538496034	Marionette	INFO	Listening on port 60951
1649538496160	RemoteAgent	WARN	TLS certificate errors will be ignored for this session
1649538496979	Marionette	WARN	Ignoring event 'pageshow' because document has an invalid readyState of 'uninitialized'.
1649538521061	Marionette	INFO	Stopped listening on port 60951
1649538546144	geckodriver	INFO	Listening on 127.0.0.1:61034
1649538549255	mozrunner::runner	INFO	Running command: "C:\\Program Files\\Mozilla Firefox\\firefox.exe" "--marionette" "-no-remote" "-profile" "C:\\Users\\tom\\AppData\\Local\\Temp\\rust_mozprofileN8Jn4l"
1649538549776	Marionette	INFO	Marionette enabled
console.warn: SearchSettings: "get: No settings file exists, new profile?" (new NotFoundError("Could not open the file at C:\\Users\\tom\\AppData\\Local\\Temp\\rust_mozprofileN8Jn4l\\search.json.mozlz4", (void 0)))
1649538552029	Marionette	INFO	Listening on port 61042
1649538552472	RemoteAgent	WARN	TLS certificate errors will be ignored for this session
1649538553218	Marionette	WARN	Ignoring event 'pageshow' because document has an invalid readyState of 'uninitialized'.
1649538572881	Marionette	INFO	Stopped listening on port 61042
1649538679949	geckodriver	INFO	Listening on 127.0.0.1:61133
1649538683024	mozrunner::runner	INFO	Running command: "C:\\Program Files\\Mozilla Firefox\\firefox.exe" "--marionette" "-no-remote" "-profile" "C:\\Users\\tom\\AppData\\Local\\Temp\\rust_mozprofilePKERNy"
1649538683519	Marionette	INFO	Marionette enabled
console.warn: SearchSettings: "get: No settings file exists, new profile?" (new NotFoundError("Could not open the file at C:\\Users\\tom\\AppData\\Local\\Temp\\rust_mozprofilePKERNy\\search.json.mozlz4", (void 0)))
1649538685760	Marionette	INFO	Listening on port 61141
1649538686245	RemoteAgent	WARN	TLS certificate errors will be ignored for this session
1649538686998	Marionette	WARN	Ignoring event 'pageshow' because document has an invalid readyState of 'uninitialized'.
1649538737729	Marionette	INFO	Stopped listening on port 61141
1649538739640	geckodriver	INFO	Listening on 127.0.0.1:61223
1649538742712	mozrunner::runner	INFO	Running command: "C:\\Program Files\\Mozilla Firefox\\firefox.exe" "--marionette" "-no-remote" "-profile" "C:\\Users\\tom\\AppData\\Local\\Temp\\rust_mozprofileiDR1qA"
1649538743235	Marionette	INFO	Marionette enabled
console.warn: SearchSettings: "get: No settings file exists, new profile?" (new NotFoundError("Could not open the file at C:\\Users\\tom\\AppData\\Local\\Temp\\rust_mozprofileiDR1qA\\search.json.mozlz4", (void 0)))
1649538745401	Marionette	INFO	Listening on port 61231
1649538745440	RemoteAgent	WARN	TLS certificate errors will be ignored for this session
1649538746105	Marionette	WARN	Ignoring event 'pageshow' because document has an invalid readyState of 'uninitialized'.
1649538798326	Marionette	INFO	Stopped listening on port 61231

###!!! [Parent][PGPUParent] Error: RunMessage(msgname=PGPU::Msg_ShutdownVR) Channel closing: too late to send/recv, messages will be lost

1649620255906	geckodriver	INFO	Listening on 127.0.0.1:59458
1649620258997	mozrunner::runner	INFO	Running command: "C:\\Program Files\\Mozilla Firefox\\firefox.exe" "--marionette" "-no-remote" "-profile" "C:\\Users\\tom\\AppData\\Local\\Temp\\rust_mozprofileGOO7M8"
1649620260121	Marionette	INFO	Marionette enabled
console.warn: SearchSettings: "get: No settings file exists, new profile?" (new NotFoundError("Could not open the file at C:\\Users\\tom\\AppData\\Local\\Temp\\rust_mozprofileGOO7M8\\search.json.mozlz4", (void 0)))
1649620263082	Marionette	INFO	Listening on port 59470
1649620263423	Marionette	INFO	Stopped listening on port 59470
1649620263462	RemoteAgent	WARN	TLS certificate errors will be ignored for this session
Exiting due to channel error.
1649620531340	geckodriver	INFO	Listening on 127.0.0.1:54324
1649620534399	mozrunner::runner	INFO	Running command: "C:\\Program Files\\Mozilla Firefox\\firefox.exe" "--marionette" "-no-remote" "-profile" "C:\\Users\\tom\\AppData\\Local\\Temp\\rust_mozprofilegK9GuW"
1649620534775	Marionette	INFO	Marionette enabled
console.warn: SearchSettings: "get: No settings file exists, new profile?" (new NotFoundError("Could not open the file at C:\\Users\\tom\\AppData\\Local\\Temp\\rust_mozprofilegK9GuW\\search.json.mozlz4", (void 0)))
1649620536863	Marionette	INFO	Listening on port 54333
1649620537103	RemoteAgent	WARN	TLS certificate errors will be ignored for this session
1649620537789	Marionette	WARN	Ignoring event 'pageshow' because document has an invalid readyState of 'uninitialized'.
[Child 8764, MediaDecoderStateMachine #1] WARNING: 14ac76ed580 Could not set cubeb stream name.: file /builds/worker/checkouts/gecko/dom/media/AudioStream.cpp:330
1649620566874	Marionette	INFO	Stopped listening on port 54333
1649620570330	geckodriver	INFO	Listening on 127.0.0.1:54426
1649620573406	mozrunner::runner	INFO	Running command: "C:\\Program Files\\Mozilla Firefox\\firefox.exe" "--marionette" "-no-remote" "-profile" "C:\\Users\\tom\\AppData\\Local\\Temp\\rust_mozprofileF1Gqy4"
1649620573826	Marionette	INFO	Marionette enabled
console.warn: SearchSettings: "get: No settings file exists, new profile?" (new NotFoundError("Could not open the file at C:\\Users\\tom\\AppData\\Local\\Temp\\rust_mozprofileF1Gqy4\\search.json.mozlz4", (void 0)))
1649620576026	Marionette	INFO	Listening on port 54434
1649620576130	RemoteAgent	WARN	TLS certificate errors will be ignored for this session
1649620576877	Marionette	WARN	Ignoring event 'pageshow' because document has an invalid readyState of 'uninitialized'.

###!!! [Parent][PBackgroundParent] Error: RunMessage(msgname=PBackgroundIDBDatabase::Msg_Close) Channel closing: too late to send/recv, messages will be lost


###!!! [Parent][PBackgroundParent] Error: RunMessage(msgname=PBackgroundIDBDatabase::Msg_Close) Channel closing: too late to send/recv, messages will be lost


###!!! [Parent][PBackgroundParent] Error: RunMessage(msgname=PBackgroundIDBDatabase::Msg_Close) Channel closing: too late to send/recv, messages will be lost


###!!! [Parent][PBackgroundParent] Error: RunMessage(msgname=PBackgroundIDBDatabase::Msg_Close) Channel closing: too late to send/recv, messages will be lost

[Child 3868, MediaDecoderStateMachine #1] WARNING: 2843bbe7200 Could not set cubeb stream name.: file /builds/worker/checkouts/gecko/dom/media/AudioStream.cpp:330
1649620587577	Marionette	INFO	Stopped listening on port 54434

###!!! [Parent][PGPUParent] Error: RunMessage(msgname=PGPU::Msg_ShutdownVR) Channel closing: too late to send/recv, messages will be lost

1649620638689	geckodriver	INFO	Listening on 127.0.0.1:54540
1649620641754	mozrunner::runner	INFO	Running command: "C:\\Program Files\\Mozilla Firefox\\firefox.exe" "--marionette" "-no-remote" "-profile" "C:\\Users\\tom\\AppData\\Local\\Temp\\rust_mozprofile6ZPJiR"
1649620642181	Marionette	INFO	Marionette enabled
console.warn: SearchSettings: "get: No settings file exists, new profile?" (new NotFoundError("Could not open the file at C:\\Users\\tom\\AppData\\Local\\Temp\\rust_mozprofile6ZPJiR\\search.json.mozlz4", (void 0)))
1649620644340	Marionette	INFO	Listening on port 54551
1649620644482	RemoteAgent	WARN	TLS certificate errors will be ignored for this session
1649620645224	Marionette	WARN	Ignoring event 'pageshow' because document has an invalid readyState of 'uninitialized'.

###!!! [Parent][PBackgroundParent] Error: RunMessage(msgname=PBackgroundIDBDatabase::Msg_Close) Channel closing: too late to send/recv, messages will be lost

[Child 13156, MediaDecoderStateMachine #1] WARNING: 1c6611fc040 Could not set cubeb stream name.: file /builds/worker/checkouts/gecko/dom/media/AudioStream.cpp:330
1649620680639	Marionette	INFO	Stopped listening on port 54551
1649620866657	geckodriver	INFO	Listening on 127.0.0.1:54711
1649620869766	mozrunner::runner	INFO	Running command: "C:\\Program Files\\Mozilla Firefox\\firefox.exe" "--marionette" "-no-remote" "-profile" "C:\\Users\\tom\\AppData\\Local\\Temp\\rust_mozprofile3Amhwh"
1649620870165	Marionette	INFO	Marionette enabled
console.warn: SearchSettings: "get: No settings file exists, new profile?" (new NotFoundError("Could not open the file at C:\\Users\\tom\\AppData\\Local\\Temp\\rust_mozprofile3Amhwh\\search.json.mozlz4", (void 0)))
1649620872235	Marionette	INFO	Listening on port 54719
1649620872486	RemoteAgent	WARN	TLS certificate errors will be ignored for this session
1649620873277	Marionette	WARN	Ignoring event 'pageshow' because document has an invalid readyState of 'uninitialized'.
[Child 20280, MediaDecoderStateMachine #1] WARNING: 225a2cd1ba0 Could not set cubeb stream name.: file /builds/worker/checkouts/gecko/dom/media/AudioStream.cpp:330
1649621854867	Marionette	INFO	Stopped listening on port 54719
9621005832	mozrunner::runner	INFO	Running command: "C:\\Program Files\\Mozilla Firefox\\firefox.exe" "--marionette" "-no-remote" "-profile" "C:\\Users\\tom\\AppData\\Local\\Temp\\rust_mozprofileQ9UQLZ"
1649621006286	Marionette	INFO	Marionette enabled
console.warn: SearchSettings: "get: No settings file exists, new profile?" (new NotFoundError("Could not open the file at C:\\Users\\tom\\AppData\\Local\\Temp\\rust_mozprofileQ9UQLZ\\search.json.mozlz4", (void 0)))
1649621008431	Marionette	INFO	Listening on port 54838
1649621008561	RemoteAgent	WARN	TLS certificate errors will be ignored for this session
1649621009236	Marionette	WARN	Ignoring event 'pageshow' because document has an invalid readyState of 'uninitialized'.

###!!! [Parent][PBackgroundParent] Error: RunMessage(msgname=PBackgroundIDBDatabase::Msg_Close) Channel closing: too late to send/recv, messages will be lost


###!!! [Parent][PBackgroundParent] Error: RunMessage(msgname=PBackgroundIDBDatabase::Msg_Close) Channel closing: too late to send/recv, messages will be lost


###!!! [Parent][PBackgroundParent] Error: RunMessage(msgname=PBackgroundIDBDatabase::Msg_Close) Channel closing: too late to send/recv, messages will be lost


###!!! [Parent][PBackgroundParent] Error: RunMessage(msgname=PBackgroundIDBDatabase::Msg_Close) Channel closing: too late to send/recv, messages will be lost


###!!! [Parent][PBackgroundParent] Error: RunMessage(msgname=PBackgroundIDBDatabase::Msg_Close) Channel closing: too late to send/recv, messages will be lost

[Child 16852, MediaDecoderStateMachine #1] WARNING: 1da53bebe40 Could not set cubeb stream name.: file /builds/worker/checkouts/gecko/dom/media/AudioStream.cpp:330
1649621087944	Marionette	INFO	Stopped listening on port 54838
1649621170042	geckodriver	INFO	Listening on 127.0.0.1:54949
1649621173146	mozrunner::runner	INFO	Running command: "C:\\Program Files\\Mozilla Firefox\\firefox.exe" "--marionette" "-no-remote" "-profile" "C:\\Users\\tom\\AppData\\Local\\Temp\\rust_mozprofilenzE3qz"
1649621173619	Marionette	INFO	Marionette enabled
console.warn: SearchSettings: "get: No settings file exists, new profile?" (new NotFoundError("Could not open the file at C:\\Users\\tom\\AppData\\Local\\Temp\\rust_mozprofilenzE3qz\\search.json.mozlz4", (void 0)))
1649621175815	Marionette	INFO	Listening on port 54957
1649621175875	RemoteAgent	WARN	TLS certificate errors will be ignored for this session
1649621176745	Marionette	WARN	Ignoring event 'pageshow' because document has an invalid readyState of 'uninitialized'.
[Child 9584, MediaDecoderStateMachine #1] WARNING: 22bd4e132e0 Could not set cubeb stream name.: file /builds/worker/checkouts/gecko/dom/media/AudioStream.cpp:330
1649621196660	Marionette	INFO	Stopped listening on port 54957
